Arguments: 
  C:\Program Files\nodejs\node.exe C:\Users\Salis\AppData\Roaming\npm\node_modules\yarn\bin\yarn.js add @react-navigation/native-stack

PATH: 
  C:\Program Files\Common Files\Oracle\Java\javapath;C:\Windows\system32;C:\Windows;C:\Windows\System32\Wbem;C:\Windows\System32\WindowsPowerShell\v1.0\;C:\Windows\System32\OpenSSH\;C:\Program Files\nodejs\;C:\Program Files\Git\cmd;C:\Program Files\Java\jdk-11\bin;C:\Users\Salis\AppData\Local\Android\Sdk;C:\Users\Salis\AppData\Local\Android\Sdk\platform-tools;C:\Users\Salis\AppData\Local\Microsoft\WindowsApps;C:\Users\Salis\AppData\Local\Programs\Microsoft VS Code\bin;C:\Users\Salis\AppData\Roaming\npm;C:\Users\Salis\AppData\Local\Android\Sdk;C:\Users\Salis\AppData\Local\Android\Sdk\platform-tools;C:\Users\Salis\AppData\Local\Android\Sdk\emulator;C:\Users\Salis\AppData\Local\Android\Sdk\tools;C:\Users\Salis\AppData\Local\Android\Sdk\tools\bin;C:\Users\Salis\AppData\Local\GitHubDesktop\bin

Yarn version: 
  1.22.19

Node version: 
  18.17.0

Platform: 
  win32 x64

Trace: 
  Error: getaddrinfo ENOTFOUND registry.yarnpkg.com
      at GetAddrInfoReqWrap.onlookup [as oncomplete] (node:dns:108:26)

npm manifest: 
  {
    "dependencies": {}
  }

yarn manifest: 
  No manifest

Lockfile: 
  # THIS IS AN AUTOGENERATED FILE. DO NOT EDIT THIS FILE DIRECTLY.
  # yarn lockfile v1
